{"numFailedTestSuites":2,"numFailedTests":4,"numPassedTestSuites":1,"numPassedTests":1,"numPendingTestSuites":0,"numPendingTests":0,"numRuntimeErrorTestSuites":0,"numTodoTests":0,"numTotalTestSuites":3,"numTotalTests":5,"openHandles":[],"snapshot":{"added":0,"didUpdate":false,"failure":false,"filesAdded":0,"filesRemoved":0,"filesRemovedList":[],"filesUnmatched":0,"filesUpdated":0,"matched":0,"total":0,"unchecked":0,"uncheckedKeysByFile":[],"unmatched":0,"updated":0},"startTime":1761981586015,"success":false,"testResults":[{"assertionResults":[{"ancestorTitles":[],"failureMessages":[],"fullName":"renders login title when not authenticated","location":null,"status":"passed","title":"renders login title when not authenticated"}],"endTime":1761981587647,"message":"","name":"/home/kavia/workspace/code-generation/animal-behavior-analytics-dashboard-182994/dashboard_frontend/src/App.test.js","startTime":1761981586727,"status":"passed","summary":""},{"assertionResults":[{"ancestorTitles":["Routing and protected routes"],"failureMessages":["Error: You cannot render a <Router> inside another <Router>. You should never have more than one in your app.\n    at Object.invariant [as UNSAFE_invariant] (/home/kavia/workspace/code-generation/animal-behavior-analytics-dashboard-182994/dashboard_frontend/node_modules/@remix-run/router/history.ts:494:11)\n    at Router (/home/kavia/workspace/code-generation/animal-behavior-analytics-dashboard-182994/dashboard_frontend/node_modules/react-router/lib/components.tsx:429:3)\n    at renderWithHooks (/home/kavia/workspace/code-generation/animal-behavior-analytics-dashboard-182994/dashboard_frontend/node_modules/react-dom/cjs/react-dom.development.js:15486:18)\n    at mountIndeterminateComponent (/home/kavia/workspace/code-generation/animal-behavior-analytics-dashboard-182994/dashboard_frontend/node_modules/react-dom/cjs/react-dom.development.js:20103:13)\n    at beginWork (/home/kavia/workspace/code-generation/animal-behavior-analytics-dashboard-182994/dashboard_frontend/node_modules/react-dom/cjs/react-dom.development.js:21626:16)\n    at beginWork$1 (/home/kavia/workspace/code-generation/animal-behavior-analytics-dashboard-182994/dashboard_frontend/node_modules/react-dom/cjs/react-dom.development.js:27465:14)\n    at performUnitOfWork (/home/kavia/workspace/code-generation/animal-behavior-analytics-dashboard-182994/dashboard_frontend/node_modules/react-dom/cjs/react-dom.development.js:26599:12)\n    at workLoopSync (/home/kavia/workspace/code-generation/animal-behavior-analytics-dashboard-182994/dashboard_frontend/node_modules/react-dom/cjs/react-dom.development.js:26505:5)\n    at renderRootSync (/home/kavia/workspace/code-generation/animal-behavior-analytics-dashboard-182994/dashboard_frontend/node_modules/react-dom/cjs/react-dom.development.js:26473:7)\n    at recoverFromConcurrentError (/home/kavia/workspace/code-generation/animal-behavior-analytics-dashboard-182994/dashboard_frontend/node_modules/react-dom/cjs/react-dom.development.js:25889:20)\n    at performConcurrentWorkOnRoot (/home/kavia/workspace/code-generation/animal-behavior-analytics-dashboard-182994/dashboard_frontend/node_modules/react-dom/cjs/react-dom.development.js:25789:22)\n    at flushActQueue (/home/kavia/workspace/code-generation/animal-behavior-analytics-dashboard-182994/dashboard_frontend/node_modules/react/cjs/react.development.js:2667:24)\n    at act (/home/kavia/workspace/code-generation/animal-behavior-analytics-dashboard-182994/dashboard_frontend/node_modules/react/cjs/react.development.js:2582:11)\n    at /home/kavia/workspace/code-generation/animal-behavior-analytics-dashboard-182994/dashboard_frontend/node_modules/@testing-library/react/dist/act-compat.js:47:25\n    at renderRoot (/home/kavia/workspace/code-generation/animal-behavior-analytics-dashboard-182994/dashboard_frontend/node_modules/@testing-library/react/dist/pure.js:190:26)\n    at render (/home/kavia/workspace/code-generation/animal-behavior-analytics-dashboard-182994/dashboard_frontend/node_modules/@testing-library/react/dist/pure.js:292:10)\n    at Object.<anonymous> (/home/kavia/workspace/code-generation/animal-behavior-analytics-dashboard-182994/dashboard_frontend/src/__tests__/routing.test.js:30:11)\n    at Promise.then.completed (/home/kavia/workspace/code-generation/animal-behavior-analytics-dashboard-182994/dashboard_frontend/node_modules/jest-circus/build/utils.js:391:28)\n    at new Promise (<anonymous>)\n    at callAsyncCircusFn (/home/kavia/workspace/code-generation/animal-behavior-analytics-dashboard-182994/dashboard_frontend/node_modules/jest-circus/build/utils.js:316:10)\n    at _callCircusTest (/home/kavia/workspace/code-generation/animal-behavior-analytics-dashboard-182994/dashboard_frontend/node_modules/jest-circus/build/run.js:218:40)\n    at processTicksAndRejections (node:internal/process/task_queues:95:5)\n    at _runTest (/home/kavia/workspace/code-generation/animal-behavior-analytics-dashboard-182994/dashboard_frontend/node_modules/jest-circus/build/run.js:155:3)\n    at _runTestsForDescribeBlock (/home/kavia/workspace/code-generation/animal-behavior-analytics-dashboard-182994/dashboard_frontend/node_modules/jest-circus/build/run.js:66:9)\n    at _runTestsForDescribeBlock (/home/kavia/workspace/code-generation/animal-behavior-analytics-dashboard-182994/dashboard_frontend/node_modules/jest-circus/build/run.js:60:9)\n    at run (/home/kavia/workspace/code-generation/animal-behavior-analytics-dashboard-182994/dashboard_frontend/node_modules/jest-circus/build/run.js:25:3)\n    at runAndTransformResultsToJestFormat (/home/kavia/workspace/code-generation/animal-behavior-analytics-dashboard-182994/dashboard_frontend/node_modules/jest-circus/build/legacy-code-todo-rewrite/jestAdapterInit.js:170:21)\n    at jestAdapter (/home/kavia/workspace/code-generation/animal-behavior-analytics-dashboard-182994/dashboard_frontend/node_modules/jest-circus/build/legacy-code-todo-rewrite/jestAdapter.js:82:19)\n    at runTestInternal (/home/kavia/workspace/code-generation/animal-behavior-analytics-dashboard-182994/dashboard_frontend/node_modules/jest-runner/build/runTest.js:389:16)\n    at runTest (/home/kavia/workspace/code-generation/animal-behavior-analytics-dashboard-182994/dashboard_frontend/node_modules/jest-runner/build/runTest.js:475:34)\n    at Object.worker (/home/kavia/workspace/code-generation/animal-behavior-analytics-dashboard-182994/dashboard_frontend/node_modules/jest-runner/build/testWorker.js:133:12)"],"fullName":"Routing and protected routes unauthenticated user navigating to \"/\" is redirected to /login","location":null,"status":"failed","title":"unauthenticated user navigating to \"/\" is redirected to /login"},{"ancestorTitles":["Routing and protected routes"],"failureMessages":["Error: You cannot render a <Router> inside another <Router>. You should never have more than one in your app.\n    at Object.invariant [as UNSAFE_invariant] (/home/kavia/workspace/code-generation/animal-behavior-analytics-dashboard-182994/dashboard_frontend/node_modules/@remix-run/router/history.ts:494:11)\n    at Router (/home/kavia/workspace/code-generation/animal-behavior-analytics-dashboard-182994/dashboard_frontend/node_modules/react-router/lib/components.tsx:429:3)\n    at renderWithHooks (/home/kavia/workspace/code-generation/animal-behavior-analytics-dashboard-182994/dashboard_frontend/node_modules/react-dom/cjs/react-dom.development.js:15486:18)\n    at mountIndeterminateComponent (/home/kavia/workspace/code-generation/animal-behavior-analytics-dashboard-182994/dashboard_frontend/node_modules/react-dom/cjs/react-dom.development.js:20103:13)\n    at beginWork (/home/kavia/workspace/code-generation/animal-behavior-analytics-dashboard-182994/dashboard_frontend/node_modules/react-dom/cjs/react-dom.development.js:21626:16)\n    at beginWork$1 (/home/kavia/workspace/code-generation/animal-behavior-analytics-dashboard-182994/dashboard_frontend/node_modules/react-dom/cjs/react-dom.development.js:27465:14)\n    at performUnitOfWork (/home/kavia/workspace/code-generation/animal-behavior-analytics-dashboard-182994/dashboard_frontend/node_modules/react-dom/cjs/react-dom.development.js:26599:12)\n    at workLoopSync (/home/kavia/workspace/code-generation/animal-behavior-analytics-dashboard-182994/dashboard_frontend/node_modules/react-dom/cjs/react-dom.development.js:26505:5)\n    at renderRootSync (/home/kavia/workspace/code-generation/animal-behavior-analytics-dashboard-182994/dashboard_frontend/node_modules/react-dom/cjs/react-dom.development.js:26473:7)\n    at recoverFromConcurrentError (/home/kavia/workspace/code-generation/animal-behavior-analytics-dashboard-182994/dashboard_frontend/node_modules/react-dom/cjs/react-dom.development.js:25889:20)\n    at performConcurrentWorkOnRoot (/home/kavia/workspace/code-generation/animal-behavior-analytics-dashboard-182994/dashboard_frontend/node_modules/react-dom/cjs/react-dom.development.js:25789:22)\n    at flushActQueue (/home/kavia/workspace/code-generation/animal-behavior-analytics-dashboard-182994/dashboard_frontend/node_modules/react/cjs/react.development.js:2667:24)\n    at act (/home/kavia/workspace/code-generation/animal-behavior-analytics-dashboard-182994/dashboard_frontend/node_modules/react/cjs/react.development.js:2582:11)\n    at /home/kavia/workspace/code-generation/animal-behavior-analytics-dashboard-182994/dashboard_frontend/node_modules/@testing-library/react/dist/act-compat.js:47:25\n    at renderRoot (/home/kavia/workspace/code-generation/animal-behavior-analytics-dashboard-182994/dashboard_frontend/node_modules/@testing-library/react/dist/pure.js:190:26)\n    at render (/home/kavia/workspace/code-generation/animal-behavior-analytics-dashboard-182994/dashboard_frontend/node_modules/@testing-library/react/dist/pure.js:292:10)\n    at Object.<anonymous> (/home/kavia/workspace/code-generation/animal-behavior-analytics-dashboard-182994/dashboard_frontend/src/__tests__/routing.test.js:51:11)\n    at Promise.then.completed (/home/kavia/workspace/code-generation/animal-behavior-analytics-dashboard-182994/dashboard_frontend/node_modules/jest-circus/build/utils.js:391:28)\n    at new Promise (<anonymous>)\n    at callAsyncCircusFn (/home/kavia/workspace/code-generation/animal-behavior-analytics-dashboard-182994/dashboard_frontend/node_modules/jest-circus/build/utils.js:316:10)\n    at _callCircusTest (/home/kavia/workspace/code-generation/animal-behavior-analytics-dashboard-182994/dashboard_frontend/node_modules/jest-circus/build/run.js:218:40)\n    at processTicksAndRejections (node:internal/process/task_queues:95:5)\n    at _runTest (/home/kavia/workspace/code-generation/animal-behavior-analytics-dashboard-182994/dashboard_frontend/node_modules/jest-circus/build/run.js:155:3)\n    at _runTestsForDescribeBlock (/home/kavia/workspace/code-generation/animal-behavior-analytics-dashboard-182994/dashboard_frontend/node_modules/jest-circus/build/run.js:66:9)\n    at _runTestsForDescribeBlock (/home/kavia/workspace/code-generation/animal-behavior-analytics-dashboard-182994/dashboard_frontend/node_modules/jest-circus/build/run.js:60:9)\n    at run (/home/kavia/workspace/code-generation/animal-behavior-analytics-dashboard-182994/dashboard_frontend/node_modules/jest-circus/build/run.js:25:3)\n    at runAndTransformResultsToJestFormat (/home/kavia/workspace/code-generation/animal-behavior-analytics-dashboard-182994/dashboard_frontend/node_modules/jest-circus/build/legacy-code-todo-rewrite/jestAdapterInit.js:170:21)\n    at jestAdapter (/home/kavia/workspace/code-generation/animal-behavior-analytics-dashboard-182994/dashboard_frontend/node_modules/jest-circus/build/legacy-code-todo-rewrite/jestAdapter.js:82:19)\n    at runTestInternal (/home/kavia/workspace/code-generation/animal-behavior-analytics-dashboard-182994/dashboard_frontend/node_modules/jest-runner/build/runTest.js:389:16)\n    at runTest (/home/kavia/workspace/code-generation/animal-behavior-analytics-dashboard-182994/dashboard_frontend/node_modules/jest-runner/build/runTest.js:475:34)\n    at Object.worker (/home/kavia/workspace/code-generation/animal-behavior-analytics-dashboard-182994/dashboard_frontend/node_modules/jest-runner/build/testWorker.js:133:12)"],"fullName":"Routing and protected routes authenticated user can access dashboard at \"/\"","location":null,"status":"failed","title":"authenticated user can access dashboard at \"/\""}],"endTime":1761981587794,"message":"  ● Routing and protected routes › unauthenticated user navigating to \"/\" is redirected to /login\n\n    You cannot render a <Router> inside another <Router>. You should never have more than one in your app.\n\n    \u001b[0m \u001b[90m 28 |\u001b[39m     setAuthStorage({ token\u001b[33m:\u001b[39m \u001b[36mnull\u001b[39m\u001b[33m,\u001b[39m user\u001b[33m:\u001b[39m \u001b[36mnull\u001b[39m })\u001b[33m;\u001b[39m\n     \u001b[90m 29 |\u001b[39m\n    \u001b[31m\u001b[1m>\u001b[22m\u001b[39m\u001b[90m 30 |\u001b[39m     render(\n     \u001b[90m    |\u001b[39m           \u001b[31m\u001b[1m^\u001b[22m\u001b[39m\n     \u001b[90m 31 |\u001b[39m       \u001b[33m<\u001b[39m\u001b[33mMemoryRouter\u001b[39m initialEntries\u001b[33m=\u001b[39m{[\u001b[32m'/'\u001b[39m]}\u001b[33m>\u001b[39m\n     \u001b[90m 32 |\u001b[39m         \u001b[33m<\u001b[39m\u001b[33mApp\u001b[39m \u001b[33m/\u001b[39m\u001b[33m>\u001b[39m\n     \u001b[90m 33 |\u001b[39m       \u001b[33m<\u001b[39m\u001b[33m/\u001b[39m\u001b[33mMemoryRouter\u001b[39m\u001b[33m>\u001b[39m\u001b[0m\n\n      at Object.invariant [as UNSAFE_invariant] (node_modules/@remix-run/router/history.ts:494:11)\n      at Router (node_modules/react-router/lib/components.tsx:429:3)\n      at renderWithHooks (node_modules/react-dom/cjs/react-dom.development.js:15486:18)\n      at mountIndeterminateComponent (node_modules/react-dom/cjs/react-dom.development.js:20103:13)\n      at beginWork (node_modules/react-dom/cjs/react-dom.development.js:21626:16)\n      at beginWork$1 (node_modules/react-dom/cjs/react-dom.development.js:27465:14)\n      at performUnitOfWork (node_modules/react-dom/cjs/react-dom.development.js:26599:12)\n      at workLoopSync (node_modules/react-dom/cjs/react-dom.development.js:26505:5)\n      at renderRootSync (node_modules/react-dom/cjs/react-dom.development.js:26473:7)\n      at recoverFromConcurrentError (node_modules/react-dom/cjs/react-dom.development.js:25889:20)\n      at performConcurrentWorkOnRoot (node_modules/react-dom/cjs/react-dom.development.js:25789:22)\n      at flushActQueue (node_modules/react/cjs/react.development.js:2667:24)\n      at act (node_modules/react/cjs/react.development.js:2582:11)\n      at node_modules/@testing-library/react/dist/act-compat.js:47:25\n      at renderRoot (node_modules/@testing-library/react/dist/pure.js:190:26)\n      at render (node_modules/@testing-library/react/dist/pure.js:292:10)\n      at Object.<anonymous> (src/__tests__/routing.test.js:30:11)\n\n  ● Routing and protected routes › authenticated user can access dashboard at \"/\"\n\n    You cannot render a <Router> inside another <Router>. You should never have more than one in your app.\n\n    \u001b[0m \u001b[90m 49 |\u001b[39m     })\u001b[33m;\u001b[39m\n     \u001b[90m 50 |\u001b[39m\n    \u001b[31m\u001b[1m>\u001b[22m\u001b[39m\u001b[90m 51 |\u001b[39m     render(\n     \u001b[90m    |\u001b[39m           \u001b[31m\u001b[1m^\u001b[22m\u001b[39m\n     \u001b[90m 52 |\u001b[39m       \u001b[33m<\u001b[39m\u001b[33mMemoryRouter\u001b[39m initialEntries\u001b[33m=\u001b[39m{[\u001b[32m'/'\u001b[39m]}\u001b[33m>\u001b[39m\n     \u001b[90m 53 |\u001b[39m         \u001b[33m<\u001b[39m\u001b[33mApp\u001b[39m \u001b[33m/\u001b[39m\u001b[33m>\u001b[39m\n     \u001b[90m 54 |\u001b[39m       \u001b[33m<\u001b[39m\u001b[33m/\u001b[39m\u001b[33mMemoryRouter\u001b[39m\u001b[33m>\u001b[39m\u001b[0m\n\n      at Object.invariant [as UNSAFE_invariant] (node_modules/@remix-run/router/history.ts:494:11)\n      at Router (node_modules/react-router/lib/components.tsx:429:3)\n      at renderWithHooks (node_modules/react-dom/cjs/react-dom.development.js:15486:18)\n      at mountIndeterminateComponent (node_modules/react-dom/cjs/react-dom.development.js:20103:13)\n      at beginWork (node_modules/react-dom/cjs/react-dom.development.js:21626:16)\n      at beginWork$1 (node_modules/react-dom/cjs/react-dom.development.js:27465:14)\n      at performUnitOfWork (node_modules/react-dom/cjs/react-dom.development.js:26599:12)\n      at workLoopSync (node_modules/react-dom/cjs/react-dom.development.js:26505:5)\n      at renderRootSync (node_modules/react-dom/cjs/react-dom.development.js:26473:7)\n      at recoverFromConcurrentError (node_modules/react-dom/cjs/react-dom.development.js:25889:20)\n      at performConcurrentWorkOnRoot (node_modules/react-dom/cjs/react-dom.development.js:25789:22)\n      at flushActQueue (node_modules/react/cjs/react.development.js:2667:24)\n      at act (node_modules/react/cjs/react.development.js:2582:11)\n      at node_modules/@testing-library/react/dist/act-compat.js:47:25\n      at renderRoot (node_modules/@testing-library/react/dist/pure.js:190:26)\n      at render (node_modules/@testing-library/react/dist/pure.js:292:10)\n      at Object.<anonymous> (src/__tests__/routing.test.js:51:11)\n","name":"/home/kavia/workspace/code-generation/animal-behavior-analytics-dashboard-182994/dashboard_frontend/src/__tests__/routing.test.js","startTime":1761981586725,"status":"failed","summary":""},{"assertionResults":[{"ancestorTitles":["Auth - Login flow"],"failureMessages":["Error: You cannot render a <Router> inside another <Router>. You should never have more than one in your app.\n    at Object.invariant [as UNSAFE_invariant] (/home/kavia/workspace/code-generation/animal-behavior-analytics-dashboard-182994/dashboard_frontend/node_modules/@remix-run/router/history.ts:494:11)\n    at Router (/home/kavia/workspace/code-generation/animal-behavior-analytics-dashboard-182994/dashboard_frontend/node_modules/react-router/lib/components.tsx:429:3)\n    at renderWithHooks (/home/kavia/workspace/code-generation/animal-behavior-analytics-dashboard-182994/dashboard_frontend/node_modules/react-dom/cjs/react-dom.development.js:15486:18)\n    at mountIndeterminateComponent (/home/kavia/workspace/code-generation/animal-behavior-analytics-dashboard-182994/dashboard_frontend/node_modules/react-dom/cjs/react-dom.development.js:20103:13)\n    at beginWork (/home/kavia/workspace/code-generation/animal-behavior-analytics-dashboard-182994/dashboard_frontend/node_modules/react-dom/cjs/react-dom.development.js:21626:16)\n    at beginWork$1 (/home/kavia/workspace/code-generation/animal-behavior-analytics-dashboard-182994/dashboard_frontend/node_modules/react-dom/cjs/react-dom.development.js:27465:14)\n    at performUnitOfWork (/home/kavia/workspace/code-generation/animal-behavior-analytics-dashboard-182994/dashboard_frontend/node_modules/react-dom/cjs/react-dom.development.js:26599:12)\n    at workLoopSync (/home/kavia/workspace/code-generation/animal-behavior-analytics-dashboard-182994/dashboard_frontend/node_modules/react-dom/cjs/react-dom.development.js:26505:5)\n    at renderRootSync (/home/kavia/workspace/code-generation/animal-behavior-analytics-dashboard-182994/dashboard_frontend/node_modules/react-dom/cjs/react-dom.development.js:26473:7)\n    at recoverFromConcurrentError (/home/kavia/workspace/code-generation/animal-behavior-analytics-dashboard-182994/dashboard_frontend/node_modules/react-dom/cjs/react-dom.development.js:25889:20)\n    at performConcurrentWorkOnRoot (/home/kavia/workspace/code-generation/animal-behavior-analytics-dashboard-182994/dashboard_frontend/node_modules/react-dom/cjs/react-dom.development.js:25789:22)\n    at flushActQueue (/home/kavia/workspace/code-generation/animal-behavior-analytics-dashboard-182994/dashboard_frontend/node_modules/react/cjs/react.development.js:2667:24)\n    at act (/home/kavia/workspace/code-generation/animal-behavior-analytics-dashboard-182994/dashboard_frontend/node_modules/react/cjs/react.development.js:2582:11)\n    at /home/kavia/workspace/code-generation/animal-behavior-analytics-dashboard-182994/dashboard_frontend/node_modules/@testing-library/react/dist/act-compat.js:47:25\n    at renderRoot (/home/kavia/workspace/code-generation/animal-behavior-analytics-dashboard-182994/dashboard_frontend/node_modules/@testing-library/react/dist/pure.js:190:26)\n    at render (/home/kavia/workspace/code-generation/animal-behavior-analytics-dashboard-182994/dashboard_frontend/node_modules/@testing-library/react/dist/pure.js:292:10)\n    at Object.<anonymous> (/home/kavia/workspace/code-generation/animal-behavior-analytics-dashboard-182994/dashboard_frontend/src/__tests__/auth.test.js:25:11)\n    at Promise.then.completed (/home/kavia/workspace/code-generation/animal-behavior-analytics-dashboard-182994/dashboard_frontend/node_modules/jest-circus/build/utils.js:391:28)\n    at new Promise (<anonymous>)\n    at callAsyncCircusFn (/home/kavia/workspace/code-generation/animal-behavior-analytics-dashboard-182994/dashboard_frontend/node_modules/jest-circus/build/utils.js:316:10)\n    at _callCircusTest (/home/kavia/workspace/code-generation/animal-behavior-analytics-dashboard-182994/dashboard_frontend/node_modules/jest-circus/build/run.js:218:40)\n    at processTicksAndRejections (node:internal/process/task_queues:95:5)\n    at _runTest (/home/kavia/workspace/code-generation/animal-behavior-analytics-dashboard-182994/dashboard_frontend/node_modules/jest-circus/build/run.js:155:3)\n    at _runTestsForDescribeBlock (/home/kavia/workspace/code-generation/animal-behavior-analytics-dashboard-182994/dashboard_frontend/node_modules/jest-circus/build/run.js:66:9)\n    at _runTestsForDescribeBlock (/home/kavia/workspace/code-generation/animal-behavior-analytics-dashboard-182994/dashboard_frontend/node_modules/jest-circus/build/run.js:60:9)\n    at run (/home/kavia/workspace/code-generation/animal-behavior-analytics-dashboard-182994/dashboard_frontend/node_modules/jest-circus/build/run.js:25:3)\n    at runAndTransformResultsToJestFormat (/home/kavia/workspace/code-generation/animal-behavior-analytics-dashboard-182994/dashboard_frontend/node_modules/jest-circus/build/legacy-code-todo-rewrite/jestAdapterInit.js:170:21)\n    at jestAdapter (/home/kavia/workspace/code-generation/animal-behavior-analytics-dashboard-182994/dashboard_frontend/node_modules/jest-circus/build/legacy-code-todo-rewrite/jestAdapter.js:82:19)\n    at runTestInternal (/home/kavia/workspace/code-generation/animal-behavior-analytics-dashboard-182994/dashboard_frontend/node_modules/jest-runner/build/runTest.js:389:16)\n    at runTest (/home/kavia/workspace/code-generation/animal-behavior-analytics-dashboard-182994/dashboard_frontend/node_modules/jest-runner/build/runTest.js:475:34)\n    at Object.worker (/home/kavia/workspace/code-generation/animal-behavior-analytics-dashboard-182994/dashboard_frontend/node_modules/jest-runner/build/testWorker.js:133:12)"],"fullName":"Auth - Login flow login form requires email and password (HTML5 validation)","location":null,"status":"failed","title":"login form requires email and password (HTML5 validation)"},{"ancestorTitles":["Auth - Login flow"],"failureMessages":["Error: You cannot render a <Router> inside another <Router>. You should never have more than one in your app.\n    at Object.invariant [as UNSAFE_invariant] (/home/kavia/workspace/code-generation/animal-behavior-analytics-dashboard-182994/dashboard_frontend/node_modules/@remix-run/router/history.ts:494:11)\n    at Router (/home/kavia/workspace/code-generation/animal-behavior-analytics-dashboard-182994/dashboard_frontend/node_modules/react-router/lib/components.tsx:429:3)\n    at renderWithHooks (/home/kavia/workspace/code-generation/animal-behavior-analytics-dashboard-182994/dashboard_frontend/node_modules/react-dom/cjs/react-dom.development.js:15486:18)\n    at mountIndeterminateComponent (/home/kavia/workspace/code-generation/animal-behavior-analytics-dashboard-182994/dashboard_frontend/node_modules/react-dom/cjs/react-dom.development.js:20103:13)\n    at beginWork (/home/kavia/workspace/code-generation/animal-behavior-analytics-dashboard-182994/dashboard_frontend/node_modules/react-dom/cjs/react-dom.development.js:21626:16)\n    at beginWork$1 (/home/kavia/workspace/code-generation/animal-behavior-analytics-dashboard-182994/dashboard_frontend/node_modules/react-dom/cjs/react-dom.development.js:27465:14)\n    at performUnitOfWork (/home/kavia/workspace/code-generation/animal-behavior-analytics-dashboard-182994/dashboard_frontend/node_modules/react-dom/cjs/react-dom.development.js:26599:12)\n    at workLoopSync (/home/kavia/workspace/code-generation/animal-behavior-analytics-dashboard-182994/dashboard_frontend/node_modules/react-dom/cjs/react-dom.development.js:26505:5)\n    at renderRootSync (/home/kavia/workspace/code-generation/animal-behavior-analytics-dashboard-182994/dashboard_frontend/node_modules/react-dom/cjs/react-dom.development.js:26473:7)\n    at recoverFromConcurrentError (/home/kavia/workspace/code-generation/animal-behavior-analytics-dashboard-182994/dashboard_frontend/node_modules/react-dom/cjs/react-dom.development.js:25889:20)\n    at performConcurrentWorkOnRoot (/home/kavia/workspace/code-generation/animal-behavior-analytics-dashboard-182994/dashboard_frontend/node_modules/react-dom/cjs/react-dom.development.js:25789:22)\n    at flushActQueue (/home/kavia/workspace/code-generation/animal-behavior-analytics-dashboard-182994/dashboard_frontend/node_modules/react/cjs/react.development.js:2667:24)\n    at act (/home/kavia/workspace/code-generation/animal-behavior-analytics-dashboard-182994/dashboard_frontend/node_modules/react/cjs/react.development.js:2582:11)\n    at /home/kavia/workspace/code-generation/animal-behavior-analytics-dashboard-182994/dashboard_frontend/node_modules/@testing-library/react/dist/act-compat.js:47:25\n    at renderRoot (/home/kavia/workspace/code-generation/animal-behavior-analytics-dashboard-182994/dashboard_frontend/node_modules/@testing-library/react/dist/pure.js:190:26)\n    at render (/home/kavia/workspace/code-generation/animal-behavior-analytics-dashboard-182994/dashboard_frontend/node_modules/@testing-library/react/dist/pure.js:292:10)\n    at Object.<anonymous> (/home/kavia/workspace/code-generation/animal-behavior-analytics-dashboard-182994/dashboard_frontend/src/__tests__/auth.test.js:57:11)\n    at Promise.then.completed (/home/kavia/workspace/code-generation/animal-behavior-analytics-dashboard-182994/dashboard_frontend/node_modules/jest-circus/build/utils.js:391:28)\n    at new Promise (<anonymous>)\n    at callAsyncCircusFn (/home/kavia/workspace/code-generation/animal-behavior-analytics-dashboard-182994/dashboard_frontend/node_modules/jest-circus/build/utils.js:316:10)\n    at _callCircusTest (/home/kavia/workspace/code-generation/animal-behavior-analytics-dashboard-182994/dashboard_frontend/node_modules/jest-circus/build/run.js:218:40)\n    at processTicksAndRejections (node:internal/process/task_queues:95:5)\n    at _runTest (/home/kavia/workspace/code-generation/animal-behavior-analytics-dashboard-182994/dashboard_frontend/node_modules/jest-circus/build/run.js:155:3)\n    at _runTestsForDescribeBlock (/home/kavia/workspace/code-generation/animal-behavior-analytics-dashboard-182994/dashboard_frontend/node_modules/jest-circus/build/run.js:66:9)\n    at _runTestsForDescribeBlock (/home/kavia/workspace/code-generation/animal-behavior-analytics-dashboard-182994/dashboard_frontend/node_modules/jest-circus/build/run.js:60:9)\n    at run (/home/kavia/workspace/code-generation/animal-behavior-analytics-dashboard-182994/dashboard_frontend/node_modules/jest-circus/build/run.js:25:3)\n    at runAndTransformResultsToJestFormat (/home/kavia/workspace/code-generation/animal-behavior-analytics-dashboard-182994/dashboard_frontend/node_modules/jest-circus/build/legacy-code-todo-rewrite/jestAdapterInit.js:170:21)\n    at jestAdapter (/home/kavia/workspace/code-generation/animal-behavior-analytics-dashboard-182994/dashboard_frontend/node_modules/jest-circus/build/legacy-code-todo-rewrite/jestAdapter.js:82:19)\n    at runTestInternal (/home/kavia/workspace/code-generation/animal-behavior-analytics-dashboard-182994/dashboard_frontend/node_modules/jest-runner/build/runTest.js:389:16)\n    at runTest (/home/kavia/workspace/code-generation/animal-behavior-analytics-dashboard-182994/dashboard_frontend/node_modules/jest-runner/build/runTest.js:475:34)\n    at Object.worker (/home/kavia/workspace/code-generation/animal-behavior-analytics-dashboard-182994/dashboard_frontend/node_modules/jest-runner/build/testWorker.js:133:12)"],"fullName":"Auth - Login flow successful login stores token/user and redirects to \"/\"","location":null,"status":"failed","title":"successful login stores token/user and redirects to \"/\""}],"endTime":1761981587818,"message":"  ● Auth - Login flow › login form requires email and password (HTML5 validation)\n\n    You cannot render a <Router> inside another <Router>. You should never have more than one in your app.\n\n    \u001b[0m \u001b[90m 23 |\u001b[39m describe(\u001b[32m'Auth - Login flow'\u001b[39m\u001b[33m,\u001b[39m () \u001b[33m=>\u001b[39m {\n     \u001b[90m 24 |\u001b[39m   test(\u001b[32m'login form requires email and password (HTML5 validation)'\u001b[39m\u001b[33m,\u001b[39m \u001b[36masync\u001b[39m () \u001b[33m=>\u001b[39m {\n    \u001b[31m\u001b[1m>\u001b[22m\u001b[39m\u001b[90m 25 |\u001b[39m     render(\n     \u001b[90m    |\u001b[39m           \u001b[31m\u001b[1m^\u001b[22m\u001b[39m\n     \u001b[90m 26 |\u001b[39m       \u001b[33m<\u001b[39m\u001b[33mMemoryRouter\u001b[39m initialEntries\u001b[33m=\u001b[39m{[\u001b[32m'/login'\u001b[39m]}\u001b[33m>\u001b[39m\n     \u001b[90m 27 |\u001b[39m         \u001b[33m<\u001b[39m\u001b[33mApp\u001b[39m \u001b[33m/\u001b[39m\u001b[33m>\u001b[39m\n     \u001b[90m 28 |\u001b[39m       \u001b[33m<\u001b[39m\u001b[33m/\u001b[39m\u001b[33mMemoryRouter\u001b[39m\u001b[33m>\u001b[39m\u001b[0m\n\n      at Object.invariant [as UNSAFE_invariant] (node_modules/@remix-run/router/history.ts:494:11)\n      at Router (node_modules/react-router/lib/components.tsx:429:3)\n      at renderWithHooks (node_modules/react-dom/cjs/react-dom.development.js:15486:18)\n      at mountIndeterminateComponent (node_modules/react-dom/cjs/react-dom.development.js:20103:13)\n      at beginWork (node_modules/react-dom/cjs/react-dom.development.js:21626:16)\n      at beginWork$1 (node_modules/react-dom/cjs/react-dom.development.js:27465:14)\n      at performUnitOfWork (node_modules/react-dom/cjs/react-dom.development.js:26599:12)\n      at workLoopSync (node_modules/react-dom/cjs/react-dom.development.js:26505:5)\n      at renderRootSync (node_modules/react-dom/cjs/react-dom.development.js:26473:7)\n      at recoverFromConcurrentError (node_modules/react-dom/cjs/react-dom.development.js:25889:20)\n      at performConcurrentWorkOnRoot (node_modules/react-dom/cjs/react-dom.development.js:25789:22)\n      at flushActQueue (node_modules/react/cjs/react.development.js:2667:24)\n      at act (node_modules/react/cjs/react.development.js:2582:11)\n      at node_modules/@testing-library/react/dist/act-compat.js:47:25\n      at renderRoot (node_modules/@testing-library/react/dist/pure.js:190:26)\n      at render (node_modules/@testing-library/react/dist/pure.js:292:10)\n      at Object.<anonymous> (src/__tests__/auth.test.js:25:11)\n\n  ● Auth - Login flow › successful login stores token/user and redirects to \"/\"\n\n    You cannot render a <Router> inside another <Router>. You should never have more than one in your app.\n\n    \u001b[0m \u001b[90m 55 |\u001b[39m\n     \u001b[90m 56 |\u001b[39m   test(\u001b[32m'successful login stores token/user and redirects to \"/\"'\u001b[39m\u001b[33m,\u001b[39m \u001b[36masync\u001b[39m () \u001b[33m=>\u001b[39m {\n    \u001b[31m\u001b[1m>\u001b[22m\u001b[39m\u001b[90m 57 |\u001b[39m     render(\n     \u001b[90m    |\u001b[39m           \u001b[31m\u001b[1m^\u001b[22m\u001b[39m\n     \u001b[90m 58 |\u001b[39m       \u001b[33m<\u001b[39m\u001b[33mMemoryRouter\u001b[39m initialEntries\u001b[33m=\u001b[39m{[\u001b[32m'/login'\u001b[39m]}\u001b[33m>\u001b[39m\n     \u001b[90m 59 |\u001b[39m         \u001b[33m<\u001b[39m\u001b[33mApp\u001b[39m \u001b[33m/\u001b[39m\u001b[33m>\u001b[39m\n     \u001b[90m 60 |\u001b[39m       \u001b[33m<\u001b[39m\u001b[33m/\u001b[39m\u001b[33mMemoryRouter\u001b[39m\u001b[33m>\u001b[39m\u001b[0m\n\n      at Object.invariant [as UNSAFE_invariant] (node_modules/@remix-run/router/history.ts:494:11)\n      at Router (node_modules/react-router/lib/components.tsx:429:3)\n      at renderWithHooks (node_modules/react-dom/cjs/react-dom.development.js:15486:18)\n      at mountIndeterminateComponent (node_modules/react-dom/cjs/react-dom.development.js:20103:13)\n      at beginWork (node_modules/react-dom/cjs/react-dom.development.js:21626:16)\n      at beginWork$1 (node_modules/react-dom/cjs/react-dom.development.js:27465:14)\n      at performUnitOfWork (node_modules/react-dom/cjs/react-dom.development.js:26599:12)\n      at workLoopSync (node_modules/react-dom/cjs/react-dom.development.js:26505:5)\n      at renderRootSync (node_modules/react-dom/cjs/react-dom.development.js:26473:7)\n      at recoverFromConcurrentError (node_modules/react-dom/cjs/react-dom.development.js:25889:20)\n      at performConcurrentWorkOnRoot (node_modules/react-dom/cjs/react-dom.development.js:25789:22)\n      at flushActQueue (node_modules/react/cjs/react.development.js:2667:24)\n      at act (node_modules/react/cjs/react.development.js:2582:11)\n      at node_modules/@testing-library/react/dist/act-compat.js:47:25\n      at renderRoot (node_modules/@testing-library/react/dist/pure.js:190:26)\n      at render (node_modules/@testing-library/react/dist/pure.js:292:10)\n      at Object.<anonymous> (src/__tests__/auth.test.js:57:11)\n","name":"/home/kavia/workspace/code-generation/animal-behavior-analytics-dashboard-182994/dashboard_frontend/src/__tests__/auth.test.js","startTime":1761981586740,"status":"failed","summary":""}],"wasInterrupted":false}